<?xml version="1.0" encoding="UTF-8"?>
<!-- Generated by org.testng.reporters.JUnitReportReporter -->
<testsuite hostname="Akhilesh" failures="0" tests="1" name="package1.Class1" time="0.009" errors="0" timestamp="2024-12-09T17:53:00 IST" skipped="0">
  <testcase classname="package1.Class1" name="method1Test" time="0.009"/>
</testsuite> <!-- package1.Class1 -->
